生成启动时间为 2020/7/10 20:30:38。
     1>项目“D:\Quake2VS2013\Quake-2-VS2013\quake2.vcxproj”在节点 2 上(Rebuild 个目标)。
     1>ClCompile:
         J:\VS2013\VC\bin\CL.exe /c /ZI /nologo /W3 /WX- /Od /Oy- /D WIN32 /D _DEBUG /D _WINDOWS /D _MBCS /Gm /EHsc /RTCs /MDd /GS /fp:precise /Zc:wchar_t /Zc:forScope /Fo"Debug\\" /Fd"Debug\vc120.pdb" /Gd /TC /wd4996 /analyze- /errorReport:prompt client\cl_cin.c client\cl_ents.c client\cl_fx.c client\cl_input.c client\cl_inv.c client\cl_main.c client\cl_newfx.c client\cl_parse.c client\cl_pred.c client\cl_scrn.c client\cl_tent.c client\cl_view.c client\console.c client\keys.c client\menu.c client\qmenu.c client\snd_dma.c client\snd_mem.c client\snd_mix.c client\x86.c game\m_flash.c game\q_shared.c qcommon\cmd.c qcommon\cmodel.c qcommon\common.c qcommon\crc.c qcommon\cvar.c qcommon\files.c qcommon\md4.c qcommon\net_chan.c qcommon\pmove.c server\sv_ccmds.c server\sv_ents.c server\sv_game.c server\sv_init.c server\sv_main.c server\sv_send.c server\sv_user.c server\sv_world.c win32\cd_win.c win32\conproc.c win32\in_win.c win32\net_wins.c win32\q_shwin.c win32\snd_win.c win32\sys_win.c win32\vid_dll.c win32\vid_menu.c
         vid_menu.c
         vid_dll.c
         sys_win.c
         snd_win.c
         q_shwin.c
         net_wins.c
     1>d:\quake2vs2013\quake-2-vs2013\win32\net_wins.c(484): warning C4133: “函数”: 从“qboolean *”到“u_long *”的类型不兼容
         in_win.c
         conproc.c
         cd_win.c
         sv_world.c
         sv_user.c
         sv_send.c
         sv_main.c
         sv_init.c
         sv_game.c
         sv_ents.c
         sv_ccmds.c
         pmove.c
         net_chan.c
         md4.c
     1>d:\quake2vs2013\quake-2-vs2013\qcommon\md4.c : warning C4819: 该文件包含不能在当前代码页(936)中表示的字符。请将该文件保存为 Unicode 格式以防止数据丢失
         正在生成代码...
     1>d:\quake2vs2013\quake-2-vs2013\win32\in_win.c(574): warning C4715: “RawValuePointer”: 不是所有的控件路径都返回值
     1>d:\quake2vs2013\quake-2-vs2013\win32\net_wins.c(124): warning C4715: “NET_CompareAdr”: 不是所有的控件路径都返回值
     1>d:\quake2vs2013\quake-2-vs2013\win32\net_wins.c(154): warning C4715: “NET_CompareBaseAdr”: 不是所有的控件路径都返回值
         正在编译...
         files.c
         cvar.c
         crc.c
         common.c
         cmodel.c
         cmd.c
         q_shared.c
         m_flash.c
         x86.c
         snd_mix.c
         snd_mem.c
         snd_dma.c
         qmenu.c
         menu.c
         keys.c
     1>d:\quake2vs2013\quake-2-vs2013\client\keys.c(243): warning C4013: “toupper”未定义；假设外部返回 int
         console.c
         cl_view.c
         cl_tent.c
         cl_scrn.c
         cl_pred.c
         正在生成代码...
     1>d:\quake2vs2013\quake-2-vs2013\client\menu.c(3580): warning C4715: “PlayerConfig_ScanDirectories”: 不是所有的控件路径都返回值
         正在编译...
         cl_parse.c
         cl_newfx.c
         cl_main.c
         cl_inv.c
         cl_input.c
         cl_fx.c
         cl_ents.c
         cl_cin.c
         正在生成代码...
     1>d:\quake2vs2013\quake-2-vs2013\client\cl_input.c(479): warning C4700: 使用了未初始化的局部变量“buf”
       ResourceCompile:
         C:\Program Files (x86)\Windows Kits\8.1\bin\x86\rc.exe /l"0x0409" /nologo /fo"Debug\q2.res" win32\q2.rc 
       Link:
         J:\VS2013\VC\bin\link.exe /ERRORREPORT:PROMPT /OUT:"D:\Quake2VS2013\Quake-2-VS2013\Quake2\quake2.exe" /INCREMENTAL /NOLOGO winmm.lib wsock32.lib kernel32.lib user32.lib gdi32.lib winspool.lib comdlg32.lib advapi32.lib shell32.lib ole32.lib oleaut32.lib uuid.lib odbc32.lib odbccp32.lib /MANIFEST /MANIFESTUAC:"level='asInvoker' uiAccess='false'" /manifest:embed /DEBUG /PDB:"D:\Quake2VS2013\Quake-2-VS2013\Quake2\quake2.pdb" /SUBSYSTEM:WINDOWS /TLBID:1 /DYNAMICBASE /NXCOMPAT /IMPLIB:"D:\Quake2VS2013\Quake-2-VS2013\Quake2\quake2.lib" /MACHINE:X86 Debug\q2.res
         Debug\cl_cin.obj
         Debug\cl_ents.obj
         Debug\cl_fx.obj
         Debug\cl_input.obj
         Debug\cl_inv.obj
         Debug\cl_main.obj
         Debug\cl_newfx.obj
         Debug\cl_parse.obj
         Debug\cl_pred.obj
         Debug\cl_scrn.obj
         Debug\cl_tent.obj
         Debug\cl_view.obj
         Debug\console.obj
         Debug\keys.obj
         Debug\menu.obj
         Debug\qmenu.obj
         Debug\snd_dma.obj
         Debug\snd_mem.obj
         Debug\snd_mix.obj
         Debug\x86.obj
         Debug\m_flash.obj
         Debug\q_shared.obj
         Debug\cmd.obj
         Debug\cmodel.obj
         Debug\common.obj
         Debug\crc.obj
         Debug\cvar.obj
         Debug\files.obj
         Debug\md4.obj
         Debug\net_chan.obj
         Debug\pmove.obj
         Debug\sv_ccmds.obj
         Debug\sv_ents.obj
         Debug\sv_game.obj
         Debug\sv_init.obj
         Debug\sv_main.obj
         Debug\sv_send.obj
         Debug\sv_user.obj
         Debug\sv_world.obj
         Debug\cd_win.obj
         Debug\conproc.obj
         Debug\in_win.obj
         Debug\net_wins.obj
         Debug\q_shwin.obj
         Debug\snd_win.obj
         Debug\sys_win.obj
         Debug\vid_dll.obj
         Debug\vid_menu.obj
         quake2.vcxproj -> D:\Quake2VS2013\Quake-2-VS2013\Quake2\quake2.exe
     1>已完成生成项目“D:\Quake2VS2013\Quake-2-VS2013\quake2.vcxproj”(Rebuild 个目标)的操作。

生成成功。

已用时间 00:00:04.67
